Exporter version: 6.2.4, Blender version: 2.80 (sub 75)
========= Conversion from Blender to Babylon.js =========
	Scene settings used :
		inline textures     :  false
		Material Type       :  PBR
		Positions Precision :  4
		Normals Precision   :  3
		UVs Precision       :  3
		Vert Color Precision:  3
		Mat Weight Precision:  2
		texture directory   :  /Users/Joe/Applications/blenderfiles/
	Python World class constructor completed
	processing begun of camera (UniversalCamera):  Camera
	processing begun of mesh:  Sun
		WARNING: No materials have been assigned: 
		num positions      :  588
		num normals        :  588
		num tangents       :  0
		num uvs            :  1176
		num uvs2           :  0
		num colors         :  0
		num indices        :  2880
	processing begun of mesh:  Earth
		animation processing begun
			processing action EarthAction.004:  in[0 - 25000], out[0 - 25000]
		WARNING: No materials have been assigned: 
		num positions      :  588
		num normals        :  588
		num tangents       :  0
		num uvs            :  1176
		num uvs2           :  0
		num colors         :  0
		num indices        :  2880
	processing begun of mesh:  Mars
		animation processing begun
			processing action MarsAction:  in[0 - 25000], out[0 - 25000]
		WARNING: No materials have been assigned: 
		num positions      :  588
		num normals        :  588
		num tangents       :  0
		num uvs            :  1176
		num uvs2           :  0
		num colors         :  0
		num indices        :  2880
	processing begun of mesh:  Saturn
		animation processing begun
			processing action SaturnAction.002:  in[0 - 25000], out[0 - 25000]
		WARNING: No materials have been assigned: 
		num positions      :  588
		num normals        :  588
		num tangents       :  0
		num uvs            :  1176
		num uvs2           :  0
		num colors         :  0
		num indices        :  2880
	processing begun of mesh:  Jupiter
		animation processing begun
			processing action JupiterAction.001:  in[0 - 25000], out[0 - 25000]
		WARNING: No materials have been assigned: 
		num positions      :  588
		num normals        :  588
		num tangents       :  0
		num uvs            :  1176
		num uvs2           :  0
		num colors         :  0
		num indices        :  2880
	processing begun of mesh:  Mercury
		animation processing begun
			processing action MercuryAction:  in[0 - 25000], out[0 - 25000]
		WARNING: No materials have been assigned: 
		num positions      :  588
		num normals        :  588
		num tangents       :  0
		num uvs            :  1176
		num uvs2           :  0
		num colors         :  0
		num indices        :  2880
	processing begun of mesh:  Venus
		animation processing begun
			processing action VenusAction:  in[0 - 25000], out[0 - 25000]
		WARNING: No materials have been assigned: 
		num positions      :  588
		num normals        :  588
		num tangents       :  0
		num uvs            :  1176
		num uvs2           :  0
		num colors         :  0
		num indices        :  2880
	processing begun of mesh:  Uranus
		animation processing begun
			processing action UranusAction.001:  in[0 - 25000], out[0 - 25000]
		WARNING: No materials have been assigned: 
		num positions      :  588
		num normals        :  588
		num tangents       :  0
		num uvs            :  1176
		num uvs2           :  0
		num colors         :  0
		num indices        :  2880
	processing begun of mesh:  Neptune
		animation processing begun
			processing action NeptuneAction.001:  in[0 - 25000], out[0 - 25000]
		WARNING: No materials have been assigned: 
		num positions      :  588
		num normals        :  588
		num tangents       :  0
		num uvs            :  1176
		num uvs2           :  0
		num colors         :  0
		num indices        :  2880
	processing begun of mesh:  Circle
		WARNING: No materials have been assigned: 
		num positions      :  256
		num normals        :  256
		num tangents       :  0
		num uvs            :  512
		num uvs2           :  0
		num colors         :  0
		num indices        :  768
		WARNING: # of 0 area faces found:  192
	processing begun of light (POINT):  Light
========= Writing of JSON file started =========
	writing mesh:  Sun
	writing mesh:  Earth
	writing mesh:  Mars
	writing mesh:  Saturn
	writing mesh:  Jupiter
	writing mesh:  Mercury
	writing mesh:  Venus
	writing mesh:  Uranus
	writing mesh:  Neptune
	writing mesh:  Circle
========= Writing of JSON file completed =========
========= end of processing =========
elapsed time:  0 min, 0.4503 secs
